<?xml version="1.0" encoding="UTF-8"?>
<!-- Generated by org.testng.reporters.JUnitReportReporter -->
<testsuite hostname="LAPTOP-V5R1R9D5" failures="0" tests="2" name="com.sogeti.testRunner.SogetiTestRunner" time="36.693" errors="0" timestamp="28 Oct 2022 22:13:22 GMT" skipped="0">
  <testcase classname="com.sogeti.testRunner.SogetiTestRunner" name="feature" time="33.209"/>
  <testcase classname="com.sogeti.testRunner.SogetiTestRunner" name="feature" time="3.484"/>
</testsuite> <!-- com.sogeti.testRunner.SogetiTestRunner -->
